\BOOKMARK [1][-]{section.1}{Ic-Uce-characteristics}{}% 1
\BOOKMARK [2][-]{subsection.1.1}{Circuit}{section.1}% 2
\BOOKMARK [3][-]{subsubsection.1.1.1}{Fixed collector voltage}{subsection.1.1}% 3
\BOOKMARK [3][-]{subsubsection.1.1.2}{Measurements}{subsection.1.1}% 4
\BOOKMARK [2][-]{subsection.1.2}{Simulation}{section.1}% 5
\BOOKMARK [1][-]{section.2}{Quiescent conditions}{}% 6
\BOOKMARK [2][-]{subsection.2.1}{Circuit}{section.2}% 7
\BOOKMARK [2][-]{subsection.2.2}{Measurements}{section.2}% 8
\BOOKMARK [1][-]{section.3}{Uce/Ib transfer function}{}% 9
\BOOKMARK [1][-]{section.4}{Ic/Ib characteristics and current amplification}{}% 10
\BOOKMARK [2][-]{subsection.4.1}{Measurements}{section.4}% 11
\BOOKMARK [2][-]{subsection.4.2}{Comments}{section.4}% 12
\BOOKMARK [1][-]{section.5}{BJT biasing}{}% 13
\BOOKMARK [2][-]{subsection.5.1}{Comments}{section.5}% 14
\BOOKMARK [1][-]{section.6}{BJT amplifier}{}% 15
\BOOKMARK [2][-]{subsubsection.6.0.1}{Amplification}{section.6}% 16
\BOOKMARK [3][-]{subsubsection.6.0.2}{Frequency response}{subsubsection.6.0.1}% 17
\BOOKMARK [3][-]{subsubsection.6.0.3}{Improved biasing}{subsubsection.6.0.1}% 18
\BOOKMARK [3][-]{subsubsection.6.0.4}{``Noiseless'' biasing}{subsubsection.6.0.1}% 19
\BOOKMARK [1][-]{section.7}{References}{}% 20
\BOOKMARK [2][-]{subsection.7.1}{www}{section.7}% 21
\BOOKMARK [2][-]{subsection.7.2}{Literature}{section.7}% 22
\BOOKMARK [2][-]{subsection.7.3}{Sources}{section.7}% 23
